[park@localhost ~]$ sudo yum -y update
[sudo] password for park: 
Loaded plugins: fastestmirror, langpacks
Loading mirror speeds from cached hostfile
 * base: ewr.edge.kernel.org
 * extras: ewr.edge.kernel.org
 * updates: ewr.edge.kernel.org
No packages marked for update
[park@localhost ~]$ sqlite3 -version
3.7.17 2013-05-20 00:56:22 118a3b35693b134d56ebd780123b7fd6f1497668
[park@localhost ~]$ sudo yum -y install https://centos7.iuscommunity.org/ius-release.rpm
Loaded plugins: fastestmirror, langpacks
ius-release.rpm                                                 | 8.2 kB  00:00:00     
Examining /var/tmp/yum-root-cEBiYb/ius-release.rpm: ius-release-2-1.el7.ius.noarch
Marking /var/tmp/yum-root-cEBiYb/ius-release.rpm to be installed
Resolving Dependencies
--> Running transaction check
---> Package ius-release.noarch 0:2-1.el7.ius will be installed
--> Processing Dependency: epel-release = 7 for package: ius-release-2-1.el7.ius.noarch
Loading mirror speeds from cached hostfile
 * base: ewr.edge.kernel.org
 * extras: ewr.edge.kernel.org
 * updates: ewr.edge.kernel.org
--> Running transaction check
---> Package epel-release.noarch 0:7-11 will be installed
--> Finished Dependency Resolution

Dependencies Resolved

=======================================================================================
 Package              Arch           Version                Repository            Size
=======================================================================================
Installing:
 ius-release          noarch         2-1.el7.ius            /ius-release         4.5 k
Installing for dependencies:
 epel-release         noarch         7-11                   extras                15 k

Transaction Summary
=======================================================================================
Install  1 Package (+1 Dependent package)

Total size: 19 k
Total download size: 15 k
Installed size: 29 k
Downloading packages:
epel-release-7-11.noarch.rpm                                    |  15 kB  00:00:00     
Running transaction check
Running transaction test
Transaction test succeeded
Running transaction
  Installing : epel-release-7-11.noarch                                            1/2 
  Installing : ius-release-2-1.el7.ius.noarch                                      2/2 
  Verifying  : ius-release-2-1.el7.ius.noarch                                      1/2 
  Verifying  : epel-release-7-11.noarch                                            2/2 

Installed:
  ius-release.noarch 0:2-1.el7.ius                                                     

Dependency Installed:
  epel-release.noarch 0:7-11                                                           

Complete!
[park@localhost ~]$ sudo yum -y install python36u
Loaded plugins: fastestmirror, langpacks
Loading mirror speeds from cached hostfile
epel/x86_64/metalink                                            |  17 kB  00:00:00     
 * base: ewr.edge.kernel.org
 * epel: mirror.siena.edu
 * extras: ewr.edge.kernel.org
 * updates: ewr.edge.kernel.org
epel                                                            | 5.4 kB  00:00:00     
ius                                                             | 1.3 kB  00:00:00     
(1/4): epel/x86_64/group_gz                                     |  90 kB  00:00:00     
(2/4): epel/x86_64/updateinfo                                   | 1.0 MB  00:00:00     
(3/4): ius/x86_64/primary                                       | 166 kB  00:00:00     
(4/4): epel/x86_64/primary_db                                   | 6.9 MB  00:00:00     
ius                                                                            834/834
Package python36u is obsoleted by python3, trying to install python3-3.6.8-10.el7.x86_64 instead
Resolving Dependencies
--> Running transaction check
---> Package python3.x86_64 0:3.6.8-10.el7 will be installed
--> Processing Dependency: python3-libs(x86-64) = 3.6.8-10.el7 for package: python3-3.6.8-10.el7.x86_64
--> Processing Dependency: python3-setuptools for package: python3-3.6.8-10.el7.x86_64
--> Processing Dependency: python3-pip for package: python3-3.6.8-10.el7.x86_64
--> Processing Dependency: libpython3.6m.so.1.0()(64bit) for package: python3-3.6.8-10.el7.x86_64
--> Running transaction check
---> Package python3-libs.x86_64 0:3.6.8-10.el7 will be installed
---> Package python3-pip.noarch 0:9.0.3-5.el7 will be installed
---> Package python3-setuptools.noarch 0:39.2.0-10.el7 will be installed
--> Finished Dependency Resolution

Dependencies Resolved

=======================================================================================
 Package                    Arch           Version                  Repository    Size
=======================================================================================
Installing:
 python3                    x86_64         3.6.8-10.el7             base          69 k
Installing for dependencies:
 python3-libs               x86_64         3.6.8-10.el7             base         7.0 M
 python3-pip                noarch         9.0.3-5.el7              base         1.8 M
 python3-setuptools         noarch         39.2.0-10.el7            base         629 k

Transaction Summary
=======================================================================================
Install  1 Package (+3 Dependent packages)

Total download size: 9.4 M
Installed size: 48 M
Downloading packages:
(1/4): python3-3.6.8-10.el7.x86_64.rpm                          |  69 kB  00:00:00     
(2/4): python3-setuptools-39.2.0-10.el7.noarch.rpm              | 629 kB  00:00:00     
(3/4): python3-pip-9.0.3-5.el7.noarch.rpm                       | 1.8 MB  00:00:00     
(4/4): python3-libs-3.6.8-10.el7.x86_64.rpm                     | 7.0 MB  00:00:01     
---------------------------------------------------------------------------------------
Total                                                     6.4 MB/s | 9.4 MB  00:01     
Running transaction check
Running transaction test
Transaction test succeeded
Running transaction
  Installing : python3-libs-3.6.8-10.el7.x86_64                                    1/4 
  Installing : python3-3.6.8-10.el7.x86_64                                         2/4 
  Installing : python3-setuptools-39.2.0-10.el7.noarch                             3/4 
  Installing : python3-pip-9.0.3-5.el7.noarch                                      4/4 
  Verifying  : python3-setuptools-39.2.0-10.el7.noarch                             1/4 
  Verifying  : python3-libs-3.6.8-10.el7.x86_64                                    2/4 
  Verifying  : python3-3.6.8-10.el7.x86_64                                         3/4 
  Verifying  : python3-pip-9.0.3-5.el7.noarch                                      4/4 

Installed:
  python3.x86_64 0:3.6.8-10.el7                                                        

Dependency Installed:
  python3-libs.x86_64 0:3.6.8-10.el7             python3-pip.noarch 0:9.0.3-5.el7     
  python3-setuptools.noarch 0:39.2.0-10.el7     

Complete!
[park@localhost ~]$ sudo yum -y install python36u-pip
Loaded plugins: fastestmirror, langpacks
Loading mirror speeds from cached hostfile
 * base: ewr.edge.kernel.org
 * epel: epel.mirror.constant.com
 * extras: ewr.edge.kernel.org
 * updates: ewr.edge.kernel.org
Package python36u-pip is obsoleted by python3-pip, trying to install python3-pip-9.0.3-5.el7.noarch instead
Package python3-pip-9.0.3-5.el7.noarch already installed and latest version
Nothing to do
[park@localhost ~]$ sudo yum -y install python36u-devel
Loaded plugins: fastestmirror, langpacks
Loading mirror speeds from cached hostfile
 * base: ewr.edge.kernel.org
 * epel: epel.mirror.constant.com
 * extras: ewr.edge.kernel.org
 * updates: ewr.edge.kernel.org
Package python36u-devel is obsoleted by python3-devel, trying to install python3-devel-3.6.8-10.el7.x86_64 instead
Resolving Dependencies
--> Running transaction check
---> Package python3-devel.x86_64 0:3.6.8-10.el7 will be installed
--> Processing Dependency: python3-rpm-macros for package: python3-devel-3.6.8-10.el7.x86_64
--> Processing Dependency: python3-rpm-generators for package: python3-devel-3.6.8-10.el7.x86_64
--> Processing Dependency: python-rpm-macros for package: python3-devel-3.6.8-10.el7.x86_64
--> Running transaction check
---> Package python-rpm-macros.noarch 0:3-32.el7 will be installed
---> Package python3-rpm-generators.noarch 0:6-2.el7 will be installed
---> Package python3-rpm-macros.noarch 0:3-32.el7 will be installed
--> Finished Dependency Resolution

Dependencies Resolved

=======================================================================================
 Package                        Arch           Version              Repository    Size
=======================================================================================
Installing:
 python3-devel                  x86_64         3.6.8-10.el7         base         215 k
Installing for dependencies:
 python-rpm-macros              noarch         3-32.el7             base         8.8 k
 python3-rpm-generators         noarch         6-2.el7              base          20 k
 python3-rpm-macros             noarch         3-32.el7             base         7.7 k

Transaction Summary
=======================================================================================
Install  1 Package (+3 Dependent packages)

Total download size: 251 k
Installed size: 680 k
Downloading packages:
(1/4): python-rpm-macros-3-32.el7.noarch.rpm                    | 8.8 kB  00:00:00     
(2/4): python3-rpm-generators-6-2.el7.noarch.rpm                |  20 kB  00:00:00     
(3/4): python3-devel-3.6.8-10.el7.x86_64.rpm                    | 215 kB  00:00:00     
(4/4): python3-rpm-macros-3-32.el7.noarch.rpm                   | 7.7 kB  00:00:00     
---------------------------------------------------------------------------------------
Total                                                     705 kB/s | 251 kB  00:00     
Running transaction check
Running transaction test
Transaction test succeeded
Running transaction
  Installing : python-rpm-macros-3-32.el7.noarch                                   1/4 
  Installing : python3-rpm-generators-6-2.el7.noarch                               2/4 
  Installing : python3-rpm-macros-3-32.el7.noarch                                  3/4 
  Installing : python3-devel-3.6.8-10.el7.x86_64                                   4/4 
  Verifying  : python3-devel-3.6.8-10.el7.x86_64                                   1/4 
  Verifying  : python3-rpm-macros-3-32.el7.noarch                                  2/4 
  Verifying  : python3-rpm-generators-6-2.el7.noarch                               3/4 
  Verifying  : python-rpm-macros-3-32.el7.noarch                                   4/4 

Installed:
  python3-devel.x86_64 0:3.6.8-10.el7                                                  

Dependency Installed:
  python-rpm-macros.noarch 0:3-32.el7      python3-rpm-generators.noarch 0:6-2.el7    
  python3-rpm-macros.noarch 0:3-32.el7    

Complete!
[park@localhost ~]$ python3 --version
Python 3.6.8
[park@localhost ~]$ pip3 --version
pip 9.0.3 from /usr/lib/python3.6/site-packages (python 3.6)
[park@localhost ~]$ whereis -b crontab | cut -d' ' -f2 | xargs rpm -qf
cronie-1.4.11-23.el7.x86_64
[park@localhost ~]$ sudo yum -y update
[sudo] password for park: 
Loaded plugins: fastestmirror, langpacks
Loading mirror speeds from cached hostfile
 * base: ewr.edge.kernel.org
 * epel: mirror.siena.edu
 * extras: ewr.edge.kernel.org
 * updates: ewr.edge.kernel.org
Resolving Dependencies
--> Running transaction check
---> Package epel-release.noarch 0:7-11 will be updated
---> Package epel-release.noarch 0:7-12 will be an update
--> Finished Dependency Resolution

Dependencies Resolved

=======================================================================================
 Package                  Arch               Version            Repository        Size
=======================================================================================
Updating:
 epel-release             noarch             7-12               epel              15 k

Transaction Summary
=======================================================================================
Upgrade  1 Package

Total download size: 15 k
Downloading packages:
epel/x86_64/prestodelta                                         | 4.1 kB  00:00:00     
warning: /var/cache/yum/x86_64/7/epel/packages/epel-release-7-12.noarch.rpm: Header V3 RSA/SHA256 Signature, key ID 352c64e5: NOKEY
Public key for epel-release-7-12.noarch.rpm is not installed
epel-release-7-12.noarch.rpm                                    |  15 kB  00:00:00     
Retrieving key from file:///etc/pki/rpm-gpg/RPM-GPG-KEY-EPEL-7
Importing GPG key 0x352C64E5:
 Userid     : "Fedora EPEL (7) <epel@fedoraproject.org>"
 Fingerprint: 91e9 7d7c 4a5e 96f1 7f3e 888f 6a2f aea2 352c 64e5
 Package    : epel-release-7-11.noarch (@extras)
 From       : /etc/pki/rpm-gpg/RPM-GPG-KEY-EPEL-7
Running transaction check
Running transaction test
Transaction test succeeded
Running transaction
  Updating   : epel-release-7-12.noarch                                            1/2 
  Cleanup    : epel-release-7-11.noarch                                            2/2 
  Verifying  : epel-release-7-12.noarch                                            1/2 
  Verifying  : epel-release-7-11.noarch                                            2/2 

Updated:
  epel-release.noarch 0:7-12                                                           

Complete!
[park@localhost ~]$ sqlite3 -version
3.7.17 2013-05-20 00:56:22 118a3b35693b134d56ebd780123b7fd6f1497668
[park@localhost ~]$ python3 --version
Python 3.6.8
[park@localhost ~]$ pip3 --version
pip 9.0.3 from /usr/lib/python3.6/site-packages (python 3.6)
[park@localhost ~]$ whereis -b crontab | cut -d' ' -f2 | xargs rpm -qf
cronie-1.4.11-23.el7.x86_64
[park@localhost ~]$ 
